0 info it worked if it ends with ok
1 verbose cli [ 'C:\\Program Files (x86)\\nodejs\\node.exe',
1 verbose cli   'C:\\ProgramData\\chocolatey\\lib\\npm\\tools\\node_modules\\npm\\bin\\npm-cli.js',
1 verbose cli   'install' ]
2 info using npm@1.4.9
3 info using node@v4.6.1
4 warn package.json mb.angular@0.0.0 No repository field.
5 verbose readDependencies using package.json deps
6 verbose install where, deps [ 'C:\\git\\mb.angular\\mb.angular',
6 verbose install   [ 'add-stream',
6 verbose install     'del',
6 verbose install     'gulp',
6 verbose install     'gulp-angular-templatecache',
6 verbose install     'gulp-cli',
6 verbose install     'gulp-concat',
6 verbose install     'gulp-cssmin',
6 verbose install     'gulp-debug',
6 verbose install     'gulp-htmlmin',
6 verbose install     'gulp-minify-html',
6 verbose install     'gulp-uglify',
6 verbose install     'merge-stream',
6 verbose install     'gulp-util',
6 verbose install     'gulp-watch' ] ]
7 info preinstall mb.angular@0.0.0
8 verbose readDependencies using package.json deps
9 verbose cache add [ 'del@^2.2.2', null ]
10 verbose cache add name=undefined spec="del@^2.2.2" args=["del@^2.2.2",null]
11 verbose parsed url Url {
11 verbose parsed url   protocol: null,
11 verbose parsed url   slashes: null,
11 verbose parsed url   auth: null,
11 verbose parsed url   host: null,
11 verbose parsed url   port: null,
11 verbose parsed url   hostname: null,
11 verbose parsed url   hash: null,
11 verbose parsed url   search: null,
11 verbose parsed url   query: null,
11 verbose parsed url   pathname: 'del@%5E2.2.2',
11 verbose parsed url   path: 'del@%5E2.2.2',
11 verbose parsed url   href: 'del@%5E2.2.2' }
12 verbose cache add name="del" spec="^2.2.2" args=["del","^2.2.2"]
13 verbose parsed url Url {
13 verbose parsed url   protocol: null,
13 verbose parsed url   slashes: null,
13 verbose parsed url   auth: null,
13 verbose parsed url   host: null,
13 verbose parsed url   port: null,
13 verbose parsed url   hostname: null,
13 verbose parsed url   hash: null,
13 verbose parsed url   search: null,
13 verbose parsed url   query: null,
13 verbose parsed url   pathname: '%5E2.2.2',
13 verbose parsed url   path: '%5E2.2.2',
13 verbose parsed url   href: '%5E2.2.2' }
14 verbose addNamed [ 'del', '^2.2.2' ]
15 verbose addNamed [ null, '>=2.2.2-0 <3.0.0-0' ]
16 verbose cache add [ 'gulp@^3.9.1', null ]
17 verbose cache add name=undefined spec="gulp@^3.9.1" args=["gulp@^3.9.1",null]
18 verbose parsed url Url {
18 verbose parsed url   protocol: null,
18 verbose parsed url   slashes: null,
18 verbose parsed url   auth: null,
18 verbose parsed url   host: null,
18 verbose parsed url   port: null,
18 verbose parsed url   hostname: null,
18 verbose parsed url   hash: null,
18 verbose parsed url   search: null,
18 verbose parsed url   query: null,
18 verbose parsed url   pathname: 'gulp@%5E3.9.1',
18 verbose parsed url   path: 'gulp@%5E3.9.1',
18 verbose parsed url   href: 'gulp@%5E3.9.1' }
19 verbose cache add name="gulp" spec="^3.9.1" args=["gulp","^3.9.1"]
20 verbose parsed url Url {
20 verbose parsed url   protocol: null,
20 verbose parsed url   slashes: null,
20 verbose parsed url   auth: null,
20 verbose parsed url   host: null,
20 verbose parsed url   port: null,
20 verbose parsed url   hostname: null,
20 verbose parsed url   hash: null,
20 verbose parsed url   search: null,
20 verbose parsed url   query: null,
20 verbose parsed url   pathname: '%5E3.9.1',
20 verbose parsed url   path: '%5E3.9.1',
20 verbose parsed url   href: '%5E3.9.1' }
21 verbose addNamed [ 'gulp', '^3.9.1' ]
22 verbose addNamed [ null, '>=3.9.1-0 <4.0.0-0' ]
23 verbose cache add [ 'gulp-angular-templatecache@^2.0.0', null ]
24 verbose cache add name=undefined spec="gulp-angular-templatecache@^2.0.0" args=["gulp-angular-templatecache@^2.0.0",null]
25 verbose parsed url Url {
25 verbose parsed url   protocol: null,
25 verbose parsed url   slashes: null,
25 verbose parsed url   auth: null,
25 verbose parsed url   host: null,
25 verbose parsed url   port: null,
25 verbose parsed url   hostname: null,
25 verbose parsed url   hash: null,
25 verbose parsed url   search: null,
25 verbose parsed url   query: null,
25 verbose parsed url   pathname: 'gulp-angular-templatecache@%5E2.0.0',
25 verbose parsed url   path: 'gulp-angular-templatecache@%5E2.0.0',
25 verbose parsed url   href: 'gulp-angular-templatecache@%5E2.0.0' }
26 verbose cache add name="gulp-angular-templatecache" spec="^2.0.0" args=["gulp-angular-templatecache","^2.0.0"]
27 verbose parsed url Url {
27 verbose parsed url   protocol: null,
27 verbose parsed url   slashes: null,
27 verbose parsed url   auth: null,
27 verbose parsed url   host: null,
27 verbose parsed url   port: null,
27 verbose parsed url   hostname: null,
27 verbose parsed url   hash: null,
27 verbose parsed url   search: null,
27 verbose parsed url   query: null,
27 verbose parsed url   pathname: '%5E2.0.0',
27 verbose parsed url   path: '%5E2.0.0',
27 verbose parsed url   href: '%5E2.0.0' }
28 verbose addNamed [ 'gulp-angular-templatecache', '^2.0.0' ]
29 verbose addNamed [ null, '>=2.0.0-0 <3.0.0-0' ]
30 verbose cache add [ 'gulp-cli@^1.2.2', null ]
31 verbose cache add name=undefined spec="gulp-cli@^1.2.2" args=["gulp-cli@^1.2.2",null]
32 verbose parsed url Url {
32 verbose parsed url   protocol: null,
32 verbose parsed url   slashes: null,
32 verbose parsed url   auth: null,
32 verbose parsed url   host: null,
32 verbose parsed url   port: null,
32 verbose parsed url   hostname: null,
32 verbose parsed url   hash: null,
32 verbose parsed url   search: null,
32 verbose parsed url   query: null,
32 verbose parsed url   pathname: 'gulp-cli@%5E1.2.2',
32 verbose parsed url   path: 'gulp-cli@%5E1.2.2',
32 verbose parsed url   href: 'gulp-cli@%5E1.2.2' }
33 verbose cache add name="gulp-cli" spec="^1.2.2" args=["gulp-cli","^1.2.2"]
34 verbose parsed url Url {
34 verbose parsed url   protocol: null,
34 verbose parsed url   slashes: null,
34 verbose parsed url   auth: null,
34 verbose parsed url   host: null,
34 verbose parsed url   port: null,
34 verbose parsed url   hostname: null,
34 verbose parsed url   hash: null,
34 verbose parsed url   search: null,
34 verbose parsed url   query: null,
34 verbose parsed url   pathname: '%5E1.2.2',
34 verbose parsed url   path: '%5E1.2.2',
34 verbose parsed url   href: '%5E1.2.2' }
35 verbose addNamed [ 'gulp-cli', '^1.2.2' ]
36 verbose addNamed [ null, '>=1.2.2-0 <2.0.0-0' ]
37 verbose cache add [ 'gulp-concat@^2.6.1', null ]
38 verbose cache add name=undefined spec="gulp-concat@^2.6.1" args=["gulp-concat@^2.6.1",null]
39 verbose parsed url Url {
39 verbose parsed url   protocol: null,
39 verbose parsed url   slashes: null,
39 verbose parsed url   auth: null,
39 verbose parsed url   host: null,
39 verbose parsed url   port: null,
39 verbose parsed url   hostname: null,
39 verbose parsed url   hash: null,
39 verbose parsed url   search: null,
39 verbose parsed url   query: null,
39 verbose parsed url   pathname: 'gulp-concat@%5E2.6.1',
39 verbose parsed url   path: 'gulp-concat@%5E2.6.1',
39 verbose parsed url   href: 'gulp-concat@%5E2.6.1' }
40 verbose cache add name="gulp-concat" spec="^2.6.1" args=["gulp-concat","^2.6.1"]
41 verbose parsed url Url {
41 verbose parsed url   protocol: null,
41 verbose parsed url   slashes: null,
41 verbose parsed url   auth: null,
41 verbose parsed url   host: null,
41 verbose parsed url   port: null,
41 verbose parsed url   hostname: null,
41 verbose parsed url   hash: null,
41 verbose parsed url   search: null,
41 verbose parsed url   query: null,
41 verbose parsed url   pathname: '%5E2.6.1',
41 verbose parsed url   path: '%5E2.6.1',
41 verbose parsed url   href: '%5E2.6.1' }
42 verbose addNamed [ 'gulp-concat', '^2.6.1' ]
43 verbose addNamed [ null, '>=2.6.1-0 <3.0.0-0' ]
44 verbose cache add [ 'gulp-cssmin@^0.1.7', null ]
45 verbose cache add name=undefined spec="gulp-cssmin@^0.1.7" args=["gulp-cssmin@^0.1.7",null]
46 verbose parsed url Url {
46 verbose parsed url   protocol: null,
46 verbose parsed url   slashes: null,
46 verbose parsed url   auth: null,
46 verbose parsed url   host: null,
46 verbose parsed url   port: null,
46 verbose parsed url   hostname: null,
46 verbose parsed url   hash: null,
46 verbose parsed url   search: null,
46 verbose parsed url   query: null,
46 verbose parsed url   pathname: 'gulp-cssmin@%5E0.1.7',
46 verbose parsed url   path: 'gulp-cssmin@%5E0.1.7',
46 verbose parsed url   href: 'gulp-cssmin@%5E0.1.7' }
47 verbose cache add name="gulp-cssmin" spec="^0.1.7" args=["gulp-cssmin","^0.1.7"]
48 verbose parsed url Url {
48 verbose parsed url   protocol: null,
48 verbose parsed url   slashes: null,
48 verbose parsed url   auth: null,
48 verbose parsed url   host: null,
48 verbose parsed url   port: null,
48 verbose parsed url   hostname: null,
48 verbose parsed url   hash: null,
48 verbose parsed url   search: null,
48 verbose parsed url   query: null,
48 verbose parsed url   pathname: '%5E0.1.7',
48 verbose parsed url   path: '%5E0.1.7',
48 verbose parsed url   href: '%5E0.1.7' }
49 verbose addNamed [ 'gulp-cssmin', '^0.1.7' ]
50 verbose addNamed [ null, '>=0.1.7-0 <0.2.0-0' ]
51 verbose cache add [ 'gulp-debug@^3.0.0', null ]
52 verbose cache add name=undefined spec="gulp-debug@^3.0.0" args=["gulp-debug@^3.0.0",null]
53 verbose parsed url Url {
53 verbose parsed url   protocol: null,
53 verbose parsed url   slashes: null,
53 verbose parsed url   auth: null,
53 verbose parsed url   host: null,
53 verbose parsed url   port: null,
53 verbose parsed url   hostname: null,
53 verbose parsed url   hash: null,
53 verbose parsed url   search: null,
53 verbose parsed url   query: null,
53 verbose parsed url   pathname: 'gulp-debug@%5E3.0.0',
53 verbose parsed url   path: 'gulp-debug@%5E3.0.0',
53 verbose parsed url   href: 'gulp-debug@%5E3.0.0' }
54 verbose cache add name="gulp-debug" spec="^3.0.0" args=["gulp-debug","^3.0.0"]
55 verbose parsed url Url {
55 verbose parsed url   protocol: null,
55 verbose parsed url   slashes: null,
55 verbose parsed url   auth: null,
55 verbose parsed url   host: null,
55 verbose parsed url   port: null,
55 verbose parsed url   hostname: null,
55 verbose parsed url   hash: null,
55 verbose parsed url   search: null,
55 verbose parsed url   query: null,
55 verbose parsed url   pathname: '%5E3.0.0',
55 verbose parsed url   path: '%5E3.0.0',
55 verbose parsed url   href: '%5E3.0.0' }
56 verbose addNamed [ 'gulp-debug', '^3.0.0' ]
57 verbose addNamed [ null, '>=3.0.0-0 <4.0.0-0' ]
58 verbose cache add [ 'gulp-htmlmin@^3.0.0', null ]
59 verbose cache add name=undefined spec="gulp-htmlmin@^3.0.0" args=["gulp-htmlmin@^3.0.0",null]
60 verbose parsed url Url {
60 verbose parsed url   protocol: null,
60 verbose parsed url   slashes: null,
60 verbose parsed url   auth: null,
60 verbose parsed url   host: null,
60 verbose parsed url   port: null,
60 verbose parsed url   hostname: null,
60 verbose parsed url   hash: null,
60 verbose parsed url   search: null,
60 verbose parsed url   query: null,
60 verbose parsed url   pathname: 'gulp-htmlmin@%5E3.0.0',
60 verbose parsed url   path: 'gulp-htmlmin@%5E3.0.0',
60 verbose parsed url   href: 'gulp-htmlmin@%5E3.0.0' }
61 verbose cache add name="gulp-htmlmin" spec="^3.0.0" args=["gulp-htmlmin","^3.0.0"]
62 verbose parsed url Url {
62 verbose parsed url   protocol: null,
62 verbose parsed url   slashes: null,
62 verbose parsed url   auth: null,
62 verbose parsed url   host: null,
62 verbose parsed url   port: null,
62 verbose parsed url   hostname: null,
62 verbose parsed url   hash: null,
62 verbose parsed url   search: null,
62 verbose parsed url   query: null,
62 verbose parsed url   pathname: '%5E3.0.0',
62 verbose parsed url   path: '%5E3.0.0',
62 verbose parsed url   href: '%5E3.0.0' }
63 verbose addNamed [ 'gulp-htmlmin', '^3.0.0' ]
64 verbose addNamed [ null, '>=3.0.0-0 <4.0.0-0' ]
65 verbose cache add [ 'gulp-minify-html@^1.0.6', null ]
66 verbose cache add name=undefined spec="gulp-minify-html@^1.0.6" args=["gulp-minify-html@^1.0.6",null]
67 verbose parsed url Url {
67 verbose parsed url   protocol: null,
67 verbose parsed url   slashes: null,
67 verbose parsed url   auth: null,
67 verbose parsed url   host: null,
67 verbose parsed url   port: null,
67 verbose parsed url   hostname: null,
67 verbose parsed url   hash: null,
67 verbose parsed url   search: null,
67 verbose parsed url   query: null,
67 verbose parsed url   pathname: 'gulp-minify-html@%5E1.0.6',
67 verbose parsed url   path: 'gulp-minify-html@%5E1.0.6',
67 verbose parsed url   href: 'gulp-minify-html@%5E1.0.6' }
68 verbose cache add name="gulp-minify-html" spec="^1.0.6" args=["gulp-minify-html","^1.0.6"]
69 verbose parsed url Url {
69 verbose parsed url   protocol: null,
69 verbose parsed url   slashes: null,
69 verbose parsed url   auth: null,
69 verbose parsed url   host: null,
69 verbose parsed url   port: null,
69 verbose parsed url   hostname: null,
69 verbose parsed url   hash: null,
69 verbose parsed url   search: null,
69 verbose parsed url   query: null,
69 verbose parsed url   pathname: '%5E1.0.6',
69 verbose parsed url   path: '%5E1.0.6',
69 verbose parsed url   href: '%5E1.0.6' }
70 verbose addNamed [ 'gulp-minify-html', '^1.0.6' ]
71 verbose addNamed [ null, '>=1.0.6-0 <2.0.0-0' ]
72 verbose cache add [ 'gulp-uglify@^2.0.0', null ]
73 verbose cache add name=undefined spec="gulp-uglify@^2.0.0" args=["gulp-uglify@^2.0.0",null]
74 verbose parsed url Url {
74 verbose parsed url   protocol: null,
74 verbose parsed url   slashes: null,
74 verbose parsed url   auth: null,
74 verbose parsed url   host: null,
74 verbose parsed url   port: null,
74 verbose parsed url   hostname: null,
74 verbose parsed url   hash: null,
74 verbose parsed url   search: null,
74 verbose parsed url   query: null,
74 verbose parsed url   pathname: 'gulp-uglify@%5E2.0.0',
74 verbose parsed url   path: 'gulp-uglify@%5E2.0.0',
74 verbose parsed url   href: 'gulp-uglify@%5E2.0.0' }
75 verbose cache add name="gulp-uglify" spec="^2.0.0" args=["gulp-uglify","^2.0.0"]
76 verbose parsed url Url {
76 verbose parsed url   protocol: null,
76 verbose parsed url   slashes: null,
76 verbose parsed url   auth: null,
76 verbose parsed url   host: null,
76 verbose parsed url   port: null,
76 verbose parsed url   hostname: null,
76 verbose parsed url   hash: null,
76 verbose parsed url   search: null,
76 verbose parsed url   query: null,
76 verbose parsed url   pathname: '%5E2.0.0',
76 verbose parsed url   path: '%5E2.0.0',
76 verbose parsed url   href: '%5E2.0.0' }
77 verbose addNamed [ 'gulp-uglify', '^2.0.0' ]
78 verbose addNamed [ null, '>=2.0.0-0 <3.0.0-0' ]
79 verbose cache add [ 'merge-stream@^1.0.1', null ]
80 verbose cache add name=undefined spec="merge-stream@^1.0.1" args=["merge-stream@^1.0.1",null]
81 verbose parsed url Url {
81 verbose parsed url   protocol: null,
81 verbose parsed url   slashes: null,
81 verbose parsed url   auth: null,
81 verbose parsed url   host: null,
81 verbose parsed url   port: null,
81 verbose parsed url   hostname: null,
81 verbose parsed url   hash: null,
81 verbose parsed url   search: null,
81 verbose parsed url   query: null,
81 verbose parsed url   pathname: 'merge-stream@%5E1.0.1',
81 verbose parsed url   path: 'merge-stream@%5E1.0.1',
81 verbose parsed url   href: 'merge-stream@%5E1.0.1' }
82 verbose cache add name="merge-stream" spec="^1.0.1" args=["merge-stream","^1.0.1"]
83 verbose parsed url Url {
83 verbose parsed url   protocol: null,
83 verbose parsed url   slashes: null,
83 verbose parsed url   auth: null,
83 verbose parsed url   host: null,
83 verbose parsed url   port: null,
83 verbose parsed url   hostname: null,
83 verbose parsed url   hash: null,
83 verbose parsed url   search: null,
83 verbose parsed url   query: null,
83 verbose parsed url   pathname: '%5E1.0.1',
83 verbose parsed url   path: '%5E1.0.1',
83 verbose parsed url   href: '%5E1.0.1' }
84 verbose addNamed [ 'merge-stream', '^1.0.1' ]
85 verbose addNamed [ null, '>=1.0.1-0 <2.0.0-0' ]
86 verbose cache add [ 'gulp-util@^3.0.7', null ]
87 verbose cache add name=undefined spec="gulp-util@^3.0.7" args=["gulp-util@^3.0.7",null]
88 verbose parsed url Url {
88 verbose parsed url   protocol: null,
88 verbose parsed url   slashes: null,
88 verbose parsed url   auth: null,
88 verbose parsed url   host: null,
88 verbose parsed url   port: null,
88 verbose parsed url   hostname: null,
88 verbose parsed url   hash: null,
88 verbose parsed url   search: null,
88 verbose parsed url   query: null,
88 verbose parsed url   pathname: 'gulp-util@%5E3.0.7',
88 verbose parsed url   path: 'gulp-util@%5E3.0.7',
88 verbose parsed url   href: 'gulp-util@%5E3.0.7' }
89 verbose cache add name="gulp-util" spec="^3.0.7" args=["gulp-util","^3.0.7"]
90 verbose parsed url Url {
90 verbose parsed url   protocol: null,
90 verbose parsed url   slashes: null,
90 verbose parsed url   auth: null,
90 verbose parsed url   host: null,
90 verbose parsed url   port: null,
90 verbose parsed url   hostname: null,
90 verbose parsed url   hash: null,
90 verbose parsed url   search: null,
90 verbose parsed url   query: null,
90 verbose parsed url   pathname: '%5E3.0.7',
90 verbose parsed url   path: '%5E3.0.7',
90 verbose parsed url   href: '%5E3.0.7' }
91 verbose addNamed [ 'gulp-util', '^3.0.7' ]
92 verbose addNamed [ null, '>=3.0.7-0 <4.0.0-0' ]
93 verbose cache add [ 'gulp-watch@^4.3.11', null ]
94 verbose cache add name=undefined spec="gulp-watch@^4.3.11" args=["gulp-watch@^4.3.11",null]
95 verbose parsed url Url {
95 verbose parsed url   protocol: null,
95 verbose parsed url   slashes: null,
95 verbose parsed url   auth: null,
95 verbose parsed url   host: null,
95 verbose parsed url   port: null,
95 verbose parsed url   hostname: null,
95 verbose parsed url   hash: null,
95 verbose parsed url   search: null,
95 verbose parsed url   query: null,
95 verbose parsed url   pathname: 'gulp-watch@%5E4.3.11',
95 verbose parsed url   path: 'gulp-watch@%5E4.3.11',
95 verbose parsed url   href: 'gulp-watch@%5E4.3.11' }
96 verbose cache add name="gulp-watch" spec="^4.3.11" args=["gulp-watch","^4.3.11"]
97 verbose parsed url Url {
97 verbose parsed url   protocol: null,
97 verbose parsed url   slashes: null,
97 verbose parsed url   auth: null,
97 verbose parsed url   host: null,
97 verbose parsed url   port: null,
97 verbose parsed url   hostname: null,
97 verbose parsed url   hash: null,
97 verbose parsed url   search: null,
97 verbose parsed url   query: null,
97 verbose parsed url   pathname: '%5E4.3.11',
97 verbose parsed url   path: '%5E4.3.11',
97 verbose parsed url   href: '%5E4.3.11' }
98 verbose addNamed [ 'gulp-watch', '^4.3.11' ]
99 verbose addNamed [ null, '>=4.3.11-0 <5.0.0-0' ]
100 verbose cache add [ 'add-stream@^1.0.0', null ]
101 verbose cache add name=undefined spec="add-stream@^1.0.0" args=["add-stream@^1.0.0",null]
102 verbose parsed url Url {
102 verbose parsed url   protocol: null,
102 verbose parsed url   slashes: null,
102 verbose parsed url   auth: null,
102 verbose parsed url   host: null,
102 verbose parsed url   port: null,
102 verbose parsed url   hostname: null,
102 verbose parsed url   hash: null,
102 verbose parsed url   search: null,
102 verbose parsed url   query: null,
102 verbose parsed url   pathname: 'add-stream@%5E1.0.0',
102 verbose parsed url   path: 'add-stream@%5E1.0.0',
102 verbose parsed url   href: 'add-stream@%5E1.0.0' }
103 verbose cache add name="add-stream" spec="^1.0.0" args=["add-stream","^1.0.0"]
104 verbose parsed url Url {
104 verbose parsed url   protocol: null,
104 verbose parsed url   slashes: null,
104 verbose parsed url   auth: null,
104 verbose parsed url   host: null,
104 verbose parsed url   port: null,
104 verbose parsed url   hostname: null,
104 verbose parsed url   hash: null,
104 verbose parsed url   search: null,
104 verbose parsed url   query: null,
104 verbose parsed url   pathname: '%5E1.0.0',
104 verbose parsed url   path: '%5E1.0.0',
104 verbose parsed url   href: '%5E1.0.0' }
105 verbose addNamed [ 'add-stream', '^1.0.0' ]
106 verbose addNamed [ null, '>=1.0.0-0 <2.0.0-0' ]
107 silly lockFile de3ed860-del-2-2-2 del@^2.2.2
108 verbose lock del@^2.2.2 C:\Users\matteo.bonfanti\AppData\Roaming\npm-cache\de3ed860-del-2-2-2.lock
109 silly lockFile e5c114fc-gulp-3-9-1 gulp@^3.9.1
110 verbose lock gulp@^3.9.1 C:\Users\matteo.bonfanti\AppData\Roaming\npm-cache\e5c114fc-gulp-3-9-1.lock
111 silly lockFile 4629f315-gulp-angular-templatecache-2-0-0 gulp-angular-templatecache@^2.0.0
112 verbose lock gulp-angular-templatecache@^2.0.0 C:\Users\matteo.bonfanti\AppData\Roaming\npm-cache\4629f315-gulp-angular-templatecache-2-0-0.lock
113 silly lockFile 49de61a7-gulp-cli-1-2-2 gulp-cli@^1.2.2
114 verbose lock gulp-cli@^1.2.2 C:\Users\matteo.bonfanti\AppData\Roaming\npm-cache\49de61a7-gulp-cli-1-2-2.lock
115 silly lockFile 0978b0df-gulp-concat-2-6-1 gulp-concat@^2.6.1
116 verbose lock gulp-concat@^2.6.1 C:\Users\matteo.bonfanti\AppData\Roaming\npm-cache\0978b0df-gulp-concat-2-6-1.lock
117 silly lockFile 792fc867-gulp-cssmin-0-1-7 gulp-cssmin@^0.1.7
118 verbose lock gulp-cssmin@^0.1.7 C:\Users\matteo.bonfanti\AppData\Roaming\npm-cache\792fc867-gulp-cssmin-0-1-7.lock
119 silly lockFile 574ff470-gulp-debug-3-0-0 gulp-debug@^3.0.0
120 verbose lock gulp-debug@^3.0.0 C:\Users\matteo.bonfanti\AppData\Roaming\npm-cache\574ff470-gulp-debug-3-0-0.lock
121 silly lockFile 0f2f1bbf-gulp-htmlmin-3-0-0 gulp-htmlmin@^3.0.0
122 verbose lock gulp-htmlmin@^3.0.0 C:\Users\matteo.bonfanti\AppData\Roaming\npm-cache\0f2f1bbf-gulp-htmlmin-3-0-0.lock
123 silly lockFile 8a20ba54-gulp-minify-html-1-0-6 gulp-minify-html@^1.0.6
124 verbose lock gulp-minify-html@^1.0.6 C:\Users\matteo.bonfanti\AppData\Roaming\npm-cache\8a20ba54-gulp-minify-html-1-0-6.lock
125 silly lockFile c5f768f2-gulp-uglify-2-0-0 gulp-uglify@^2.0.0
126 verbose lock gulp-uglify@^2.0.0 C:\Users\matteo.bonfanti\AppData\Roaming\npm-cache\c5f768f2-gulp-uglify-2-0-0.lock
127 silly lockFile eaa97eb3-merge-stream-1-0-1 merge-stream@^1.0.1
128 verbose lock merge-stream@^1.0.1 C:\Users\matteo.bonfanti\AppData\Roaming\npm-cache\eaa97eb3-merge-stream-1-0-1.lock
129 silly lockFile e02585f0-gulp-util-3-0-7 gulp-util@^3.0.7
130 verbose lock gulp-util@^3.0.7 C:\Users\matteo.bonfanti\AppData\Roaming\npm-cache\e02585f0-gulp-util-3-0-7.lock
131 silly lockFile 2b39210a-gulp-watch-4-3-11 gulp-watch@^4.3.11
132 verbose lock gulp-watch@^4.3.11 C:\Users\matteo.bonfanti\AppData\Roaming\npm-cache\2b39210a-gulp-watch-4-3-11.lock
133 silly lockFile 69e80e04-add-stream-1-0-0 add-stream@^1.0.0
134 verbose lock add-stream@^1.0.0 C:\Users\matteo.bonfanti\AppData\Roaming\npm-cache\69e80e04-add-stream-1-0-0.lock
135 silly addNameRange { name: 'del', range: '>=2.2.2-0 <3.0.0-0', hasData: false }
136 silly addNameRange { name: 'gulp', range: '>=3.9.1-0 <4.0.0-0', hasData: false }
137 silly addNameRange { name: 'gulp-angular-templatecache',
137 silly addNameRange   range: '>=2.0.0-0 <3.0.0-0',
137 silly addNameRange   hasData: false }
138 silly addNameRange { name: 'gulp-cli', range: '>=1.2.2-0 <2.0.0-0', hasData: false }
139 silly addNameRange { name: 'gulp-concat',
139 silly addNameRange   range: '>=2.6.1-0 <3.0.0-0',
139 silly addNameRange   hasData: false }
140 silly addNameRange { name: 'gulp-cssmin',
140 silly addNameRange   range: '>=0.1.7-0 <0.2.0-0',
140 silly addNameRange   hasData: false }
141 silly addNameRange { name: 'gulp-debug',
141 silly addNameRange   range: '>=3.0.0-0 <4.0.0-0',
141 silly addNameRange   hasData: false }
142 silly addNameRange { name: 'gulp-htmlmin',
142 silly addNameRange   range: '>=3.0.0-0 <4.0.0-0',
142 silly addNameRange   hasData: false }
143 silly addNameRange { name: 'gulp-minify-html',
143 silly addNameRange   range: '>=1.0.6-0 <2.0.0-0',
143 silly addNameRange   hasData: false }
144 silly addNameRange { name: 'gulp-uglify',
144 silly addNameRange   range: '>=2.0.0-0 <3.0.0-0',
144 silly addNameRange   hasData: false }
145 silly addNameRange { name: 'merge-stream',
145 silly addNameRange   range: '>=1.0.1-0 <2.0.0-0',
145 silly addNameRange   hasData: false }
146 silly addNameRange { name: 'gulp-util',
146 silly addNameRange   range: '>=3.0.7-0 <4.0.0-0',
146 silly addNameRange   hasData: false }
147 silly addNameRange { name: 'gulp-watch',
147 silly addNameRange   range: '>=4.3.11-0 <5.0.0-0',
147 silly addNameRange   hasData: false }
148 silly addNameRange { name: 'add-stream',
148 silly addNameRange   range: '>=1.0.0-0 <2.0.0-0',
148 silly addNameRange   hasData: false }
149 verbose url raw gulp-cli
150 verbose url resolving [ 'http://registry.npmjs.org/', './gulp-cli' ]
151 verbose url resolved http://registry.npmjs.org/gulp-cli
152 info trying registry request attempt 1 at 11:44:49 AM
153 http GET http://registry.npmjs.org/gulp-cli
154 verbose url raw gulp-watch
155 verbose url resolving [ 'http://registry.npmjs.org/', './gulp-watch' ]
156 verbose url resolved http://registry.npmjs.org/gulp-watch
157 info trying registry request attempt 1 at 11:44:49 AM
158 http GET http://registry.npmjs.org/gulp-watch
159 info retry will retry, error on last attempt: Error: getaddrinfo ENOTFOUND registry.npmjs.org registry.npmjs.org:80
160 info retry will retry, error on last attempt: Error: getaddrinfo ENOTFOUND registry.npmjs.org registry.npmjs.org:80
161 verbose url raw gulp
162 verbose url resolving [ 'http://registry.npmjs.org/', './gulp' ]
163 verbose url resolved http://registry.npmjs.org/gulp
164 info trying registry request attempt 1 at 11:44:49 AM
165 verbose etag W/"58291748-1c842"
166 http GET http://registry.npmjs.org/gulp
167 verbose url raw del
168 verbose url resolving [ 'http://registry.npmjs.org/', './del' ]
169 verbose url resolved http://registry.npmjs.org/del
170 info trying registry request attempt 1 at 11:44:49 AM
171 verbose etag W/"58290289-71bf"
172 http GET http://registry.npmjs.org/del
173 verbose url raw gulp-cssmin
174 verbose url resolving [ 'http://registry.npmjs.org/', './gulp-cssmin' ]
175 verbose url resolved http://registry.npmjs.org/gulp-cssmin
176 info trying registry request attempt 1 at 11:44:49 AM
177 verbose etag W/"57fcba08-25b5"
178 http GET http://registry.npmjs.org/gulp-cssmin
179 verbose url raw gulp-debug
180 verbose url resolving [ 'http://registry.npmjs.org/', './gulp-debug' ]
181 verbose url resolved http://registry.npmjs.org/gulp-debug
182 info trying registry request attempt 1 at 11:44:49 AM
183 verbose etag "9SI4FRCCS8JARFUIKNKPBML94"
184 http GET http://registry.npmjs.org/gulp-debug
185 verbose url raw gulp-concat
186 verbose url resolving [ 'http://registry.npmjs.org/', './gulp-concat' ]
187 verbose url resolved http://registry.npmjs.org/gulp-concat
188 info trying registry request attempt 1 at 11:44:49 AM
189 verbose etag W/"5829028f-a0dc"
190 http GET http://registry.npmjs.org/gulp-concat
191 verbose url raw gulp-minify-html
192 verbose url resolving [ 'http://registry.npmjs.org/', './gulp-minify-html' ]
193 verbose url resolved http://registry.npmjs.org/gulp-minify-html
194 info trying registry request attempt 1 at 11:44:49 AM
195 verbose etag W/"5806e5be-58b5"
196 http GET http://registry.npmjs.org/gulp-minify-html
197 verbose url raw merge-stream
198 verbose url resolving [ 'http://registry.npmjs.org/', './merge-stream' ]
199 verbose url resolved http://registry.npmjs.org/merge-stream
200 info trying registry request attempt 1 at 11:44:49 AM
201 verbose etag W/"5825746e-35aa"
202 http GET http://registry.npmjs.org/merge-stream
203 verbose url raw gulp-htmlmin
204 verbose url resolving [ 'http://registry.npmjs.org/', './gulp-htmlmin' ]
205 verbose url resolved http://registry.npmjs.org/gulp-htmlmin
206 info trying registry request attempt 1 at 11:44:49 AM
207 verbose etag W/"58296e94-6828"
208 http GET http://registry.npmjs.org/gulp-htmlmin
209 verbose url raw add-stream
210 verbose url resolving [ 'http://registry.npmjs.org/', './add-stream' ]
211 verbose url resolved http://registry.npmjs.org/add-stream
212 info trying registry request attempt 1 at 11:44:49 AM
213 verbose etag W/"54838d73-c25"
214 http GET http://registry.npmjs.org/add-stream
215 verbose url raw gulp-uglify
216 verbose url resolving [ 'http://registry.npmjs.org/', './gulp-uglify' ]
217 verbose url resolved http://registry.npmjs.org/gulp-uglify
218 info trying registry request attempt 1 at 11:44:49 AM
219 verbose etag W/"582ad60d-b9ff"
220 http GET http://registry.npmjs.org/gulp-uglify
221 verbose url raw gulp-angular-templatecache
222 verbose url resolving [ 'http://registry.npmjs.org/', './gulp-angular-templatecache' ]
223 verbose url resolved http://registry.npmjs.org/gulp-angular-templatecache
224 info trying registry request attempt 1 at 11:44:49 AM
225 verbose etag W/"5824ffa7-a7ce"
226 http GET http://registry.npmjs.org/gulp-angular-templatecache
227 info retry will retry, error on last attempt: Error: getaddrinfo ENOTFOUND registry.npmjs.org registry.npmjs.org:80
228 info retry will retry, error on last attempt: Error: getaddrinfo ENOTFOUND registry.npmjs.org registry.npmjs.org:80
229 info retry will retry, error on last attempt: Error: getaddrinfo ENOTFOUND registry.npmjs.org registry.npmjs.org:80
230 info retry will retry, error on last attempt: Error: getaddrinfo ENOTFOUND registry.npmjs.org registry.npmjs.org:80
231 info retry will retry, error on last attempt: Error: getaddrinfo ENOTFOUND registry.npmjs.org registry.npmjs.org:80
232 info retry will retry, error on last attempt: Error: getaddrinfo ENOTFOUND registry.npmjs.org registry.npmjs.org:80
233 verbose url raw gulp-util
234 verbose url resolving [ 'http://registry.npmjs.org/', './gulp-util' ]
235 verbose url resolved http://registry.npmjs.org/gulp-util
236 info trying registry request attempt 1 at 11:44:49 AM
237 verbose etag W/"582a7c86-f51d"
238 http GET http://registry.npmjs.org/gulp-util
239 info retry will retry, error on last attempt: Error: getaddrinfo ENOTFOUND registry.npmjs.org registry.npmjs.org:80
240 info retry will retry, error on last attempt: Error: getaddrinfo ENOTFOUND registry.npmjs.org registry.npmjs.org:80
241 info retry will retry, error on last attempt: Error: getaddrinfo ENOTFOUND registry.npmjs.org registry.npmjs.org:80
242 info retry will retry, error on last attempt: Error: getaddrinfo ENOTFOUND registry.npmjs.org registry.npmjs.org:80
243 info retry will retry, error on last attempt: Error: getaddrinfo ENOTFOUND registry.npmjs.org registry.npmjs.org:80
244 info retry will retry, error on last attempt: Error: getaddrinfo ENOTFOUND registry.npmjs.org registry.npmjs.org:80
245 info trying registry request attempt 2 at 11:44:59 AM
246 http GET http://registry.npmjs.org/gulp-cli
247 info trying registry request attempt 2 at 11:44:59 AM
248 http GET http://registry.npmjs.org/gulp-watch
249 info retry will retry, error on last attempt: Error: getaddrinfo ENOTFOUND registry.npmjs.org registry.npmjs.org:80
250 info retry will retry, error on last attempt: Error: getaddrinfo ENOTFOUND registry.npmjs.org registry.npmjs.org:80
251 info trying registry request attempt 2 at 11:44:59 AM
252 verbose etag W/"58291748-1c842"
253 http GET http://registry.npmjs.org/gulp
254 info trying registry request attempt 2 at 11:44:59 AM
255 verbose etag W/"58290289-71bf"
256 http GET http://registry.npmjs.org/del
257 info trying registry request attempt 2 at 11:44:59 AM
258 verbose etag W/"57fcba08-25b5"
259 http GET http://registry.npmjs.org/gulp-cssmin
260 info trying registry request attempt 2 at 11:44:59 AM
261 verbose etag "9SI4FRCCS8JARFUIKNKPBML94"
262 http GET http://registry.npmjs.org/gulp-debug
263 info trying registry request attempt 2 at 11:44:59 AM
264 verbose etag W/"5829028f-a0dc"
265 http GET http://registry.npmjs.org/gulp-concat
266 info trying registry request attempt 2 at 11:44:59 AM
267 verbose etag W/"5806e5be-58b5"
268 http GET http://registry.npmjs.org/gulp-minify-html
269 info trying registry request attempt 2 at 11:44:59 AM
270 verbose etag W/"5825746e-35aa"
271 http GET http://registry.npmjs.org/merge-stream
272 info trying registry request attempt 2 at 11:44:59 AM
273 verbose etag W/"58296e94-6828"
274 http GET http://registry.npmjs.org/gulp-htmlmin
275 info trying registry request attempt 2 at 11:44:59 AM
276 verbose etag W/"54838d73-c25"
277 http GET http://registry.npmjs.org/add-stream
278 info trying registry request attempt 2 at 11:44:59 AM
279 verbose etag W/"582ad60d-b9ff"
280 http GET http://registry.npmjs.org/gulp-uglify
281 info trying registry request attempt 2 at 11:44:59 AM
282 verbose etag W/"5824ffa7-a7ce"
283 http GET http://registry.npmjs.org/gulp-angular-templatecache
284 info trying registry request attempt 2 at 11:44:59 AM
285 verbose etag W/"582a7c86-f51d"
286 http GET http://registry.npmjs.org/gulp-util
287 info retry will retry, error on last attempt: Error: getaddrinfo ENOTFOUND registry.npmjs.org registry.npmjs.org:80
288 info retry will retry, error on last attempt: Error: getaddrinfo ENOTFOUND registry.npmjs.org registry.npmjs.org:80
289 info retry will retry, error on last attempt: Error: getaddrinfo ENOTFOUND registry.npmjs.org registry.npmjs.org:80
290 info retry will retry, error on last attempt: Error: getaddrinfo ENOTFOUND registry.npmjs.org registry.npmjs.org:80
291 info retry will retry, error on last attempt: Error: getaddrinfo ENOTFOUND registry.npmjs.org registry.npmjs.org:80
292 info retry will retry, error on last attempt: Error: getaddrinfo ENOTFOUND registry.npmjs.org registry.npmjs.org:80
293 info retry will retry, error on last attempt: Error: getaddrinfo ENOTFOUND registry.npmjs.org registry.npmjs.org:80
294 info retry will retry, error on last attempt: Error: getaddrinfo ENOTFOUND registry.npmjs.org registry.npmjs.org:80
295 info retry will retry, error on last attempt: Error: getaddrinfo ENOTFOUND registry.npmjs.org registry.npmjs.org:80
296 info retry will retry, error on last attempt: Error: getaddrinfo ENOTFOUND registry.npmjs.org registry.npmjs.org:80
297 info retry will retry, error on last attempt: Error: getaddrinfo ENOTFOUND registry.npmjs.org registry.npmjs.org:80
298 info retry will retry, error on last attempt: Error: getaddrinfo ENOTFOUND registry.npmjs.org registry.npmjs.org:80
299 info trying registry request attempt 3 at 11:45:59 AM
300 http GET http://registry.npmjs.org/gulp-cli
301 info trying registry request attempt 3 at 11:45:59 AM
302 http GET http://registry.npmjs.org/gulp-watch
303 silly lockFile 49de61a7-gulp-cli-1-2-2 gulp-cli@^1.2.2
304 silly lockFile 49de61a7-gulp-cli-1-2-2 gulp-cli@^1.2.2
305 silly lockFile 2b39210a-gulp-watch-4-3-11 gulp-watch@^4.3.11
306 silly lockFile 2b39210a-gulp-watch-4-3-11 gulp-watch@^4.3.11
307 error network getaddrinfo ENOTFOUND registry.npmjs.org registry.npmjs.org:80
307 error network This is most likely not a problem with npm itself
307 error network and is related to network connectivity.
307 error network In most cases you are behind a proxy or have bad network settings.
307 error network
307 error network If you are behind a proxy, please make sure that the
307 error network 'proxy' config is set properly.  See: 'npm help config'
308 error System Windows_NT 6.3.9600
309 error command "C:\\Program Files (x86)\\nodejs\\node.exe" "C:\\ProgramData\\chocolatey\\lib\\npm\\tools\\node_modules\\npm\\bin\\npm-cli.js" "install"
310 error cwd C:\git\mb.angular\mb.angular
311 error node -v v4.6.1
312 error npm -v 1.4.9
313 error syscall getaddrinfo
314 error code ENOTFOUND
315 error errno ENOTFOUND
316 verbose exit [ 1, true ]
